<?xml version="1.0" encoding="UTF-8"?>
<!-- Generated by org.testng.reporters.JUnitReportReporter -->
<testsuite skipped="0" hostname="DESKTOP-I7R2DMN" name="student.Maven.TestScript" tests="1" failures="0" timestamp="08 Aug 2018 04:35:09 GMT" time="11.320" errors="0">
  <testcase name="checkGoogle" time="11.320" classname="student.Maven.TestScript"/>
</testsuite> <!-- student.Maven.TestScript -->
